<?xml version="1.0" encoding="utf-8"?><testsuites><testsuite name="pytest" errors="0" failures="0" skipped="0" tests="4" time="7.500" timestamp="2024-02-22T08:53:38.022460" hostname="ubuntu-linux-22-04-02-desktop"><testcase classname="cv_bridge.cv_bridge.test.conversions.TestConversions" name="test_encode_decode_cv2" time="3.474" /><testcase classname="cv_bridge.cv_bridge.test.conversions.TestConversions" name="test_encode_decode_cv2_compressed" time="3.827" /><testcase classname="cv_bridge.cv_bridge.test.conversions.TestConversions" name="test_endianness" time="0.001" /><testcase classname="cv_bridge.cv_bridge.test.conversions.TestConversions" name="test_mono16_cv2" time="0.006" /></testsuite></testsuites>