<?xml version="1.0" encoding="UTF-8"?>
<testsuites tests="12" failures="0" disabled="0" errors="0" time="1.84" timestamp="2024-02-22T08:53:36" name="AllTests">
  <testsuite name="PinholeTest" tests="12" failures="0" disabled="0" errors="0" time="1.84" timestamp="2024-02-22T08:53:36">
    <testcase name="accessorsCorrect" status="run" result="completed" time="0" timestamp="2024-02-22T08:53:36" classname="image_geometry.PinholeTest" />
    <testcase name="projectPoint" status="run" result="completed" time="0.002" timestamp="2024-02-22T08:53:36" classname="image_geometry.PinholeTest" />
    <testcase name="rectifyPoint" status="run" result="completed" time="0.026" timestamp="2024-02-22T08:53:36" classname="image_geometry.PinholeTest" />
    <testcase name="getDeltas" status="run" result="completed" time="0" timestamp="2024-02-22T08:53:36" classname="image_geometry.PinholeTest" />
    <testcase name="initialization" status="run" result="completed" time="0" timestamp="2024-02-22T08:53:36" classname="image_geometry.PinholeTest" />
    <testcase name="rectifyIfCalibrated" status="run" result="completed" time="0.015" timestamp="2024-02-22T08:53:36" classname="image_geometry.PinholeTest" />
    <testcase name="unrectifyImage" status="run" result="completed" time="0.907" timestamp="2024-02-22T08:53:36" classname="image_geometry.PinholeTest" />
    <testcase name="unrectifyImageWithBinning" status="run" result="completed" time="0.263" timestamp="2024-02-22T08:53:37" classname="image_geometry.PinholeTest" />
    <testcase name="unrectifyImageWithRoi" status="run" result="completed" time="0.503" timestamp="2024-02-22T08:53:37" classname="image_geometry.PinholeTest" />
    <testcase name="unrectifyImageWithBinningAndRoi" status="run" result="completed" time="0.116" timestamp="2024-02-22T08:53:38" classname="image_geometry.PinholeTest" />
    <testcase name="rectifiedRoiSize" status="run" result="completed" time="0" timestamp="2024-02-22T08:53:38" classname="image_geometry.PinholeTest" />
    <testcase name="rectifiedRoiCaching" status="run" result="completed" time="0" timestamp="2024-02-22T08:53:38" classname="image_geometry.PinholeTest" />
  </testsuite>
</testsuites>
