<?xml version="1.0" encoding="UTF-8"?>
<Site BuildName="(empty)"
	BuildStamp="20240222-0753-Experimental"
	Name="ubuntu-linux-22-04-02-desktop"
	Generator="ctest-3.22.1"
	CompilerName="/usr/bin/c++"
	CompilerVersion="11.4.0"
	OSName="Linux"
	Hostname="ubuntu-linux-22-04-02-desktop"
	OSRelease="5.15.0-94-generic"
	OSVersion="#104-Ubuntu SMP Tue Jan 9 15:26:57 UTC 2024"
	OSPlatform="aarch64"
	Is64Bits="1"
	VendorString=""
	VendorID="Unknown Manufacturer"
	FamilyID="8"
	ModelID="0"
	ProcessorCacheSize="0"
	NumberOfLogicalCPU="2"
	NumberOfPhysicalCPU="1"
	TotalVirtualMemory="2047"
	TotalPhysicalMemory="1967"
	LogicalProcessorsPerPhysical="2"
	ProcessorClockFrequency="0"
	>
	<Testing>
		<StartDateTime>Feb 22 08:53 CET</StartDateTime>
		<StartTestTime>1708588416</StartTestTime>
		<TestList>
			<Test>./image_geometry-utest</Test>
		</TestList>
		<Test Status="passed">
			<Name>image_geometry-utest</Name>
			<Path>.</Path>
			<FullName>./image_geometry-utest</FullName>
			<FullCommandLine>/usr/bin/python3.10 "-u" "/opt/ros/humble/share/ament_cmake_test/cmake/run_test.py" "/home/parallels/ros2_ws/build/image_geometry/test_results/image_geometry/image_geometry-utest.gtest.xml" "--package-name" "image_geometry" "--output-file" "/home/parallels/ros2_ws/build/image_geometry/ament_cmake_gtest/image_geometry-utest.txt" "--command" "/home/parallels/ros2_ws/build/image_geometry/image_geometry-utest" "--gtest_output=xml:/home/parallels/ros2_ws/build/image_geometry/test_results/image_geometry/image_geometry-utest.gtest.xml"</FullCommandLine>
			<Results>
				<NamedMeasurement type="numeric/double" name="Execution Time">
					<Value>1.92167</Value>
				</NamedMeasurement>
				<NamedMeasurement type="numeric/double" name="Processors">
					<Value>1</Value>
				</NamedMeasurement>
				<NamedMeasurement type="text/string" name="Completion Status">
					<Value>Completed</Value>
				</NamedMeasurement>
				<NamedMeasurement type="text/string" name="Command Line">
					<Value>/usr/bin/python3.10 "-u" "/opt/ros/humble/share/ament_cmake_test/cmake/run_test.py" "/home/parallels/ros2_ws/build/image_geometry/test_results/image_geometry/image_geometry-utest.gtest.xml" "--package-name" "image_geometry" "--output-file" "/home/parallels/ros2_ws/build/image_geometry/ament_cmake_gtest/image_geometry-utest.txt" "--command" "/home/parallels/ros2_ws/build/image_geometry/image_geometry-utest" "--gtest_output=xml:/home/parallels/ros2_ws/build/image_geometry/test_results/image_geometry/image_geometry-utest.gtest.xml"</Value>
				</NamedMeasurement>
				<NamedMeasurement type="text/string" name="Environment">
					<Value>#CTEST_RESOURCE_GROUP_COUNT=</Value>
				</NamedMeasurement>
				<Measurement>
					<Value>-- run_test.py: invoking following command in '/home/parallels/ros2_ws/build/image_geometry':
 - /home/parallels/ros2_ws/build/image_geometry/image_geometry-utest --gtest_output=xml:/home/parallels/ros2_ws/build/image_geometry/test_results/image_geometry/image_geometry-utest.gtest.xml
[==========] Running 12 tests from 1 test suite.
[----------] Global test environment set-up.
[----------] 12 tests from PinholeTest
[ RUN      ] PinholeTest.accessorsCorrect
[       OK ] PinholeTest.accessorsCorrect (0 ms)
[ RUN      ] PinholeTest.projectPoint
[       OK ] PinholeTest.projectPoint (2 ms)
[ RUN      ] PinholeTest.rectifyPoint
[       OK ] PinholeTest.rectifyPoint (26 ms)
[ RUN      ] PinholeTest.getDeltas
[       OK ] PinholeTest.getDeltas (0 ms)
[ RUN      ] PinholeTest.initialization
[       OK ] PinholeTest.initialization (0 ms)
[ RUN      ] PinholeTest.rectifyIfCalibrated
[       OK ] PinholeTest.rectifyIfCalibrated (15 ms)
[ RUN      ] PinholeTest.unrectifyImage
[       OK ] PinholeTest.unrectifyImage (907 ms)
[ RUN      ] PinholeTest.unrectifyImageWithBinning
[       OK ] PinholeTest.unrectifyImageWithBinning (263 ms)
[ RUN      ] PinholeTest.unrectifyImageWithRoi
[       OK ] PinholeTest.unrectifyImageWithRoi (503 ms)
[ RUN      ] PinholeTest.unrectifyImageWithBinningAndRoi
[       OK ] PinholeTest.unrectifyImageWithBinningAndRoi (116 ms)
[ RUN      ] PinholeTest.rectifiedRoiSize
[       OK ] PinholeTest.rectifiedRoiSize (0 ms)
[ RUN      ] PinholeTest.rectifiedRoiCaching
[       OK ] PinholeTest.rectifiedRoiCaching (0 ms)
[----------] 12 tests from PinholeTest (1840 ms total)

[----------] Global test environment tear-down
[==========] 12 tests from 1 test suite ran. (1840 ms total)
[  PASSED  ] 12 tests.
-- run_test.py: return code 0
-- run_test.py: inject classname prefix into gtest result file '/home/parallels/ros2_ws/build/image_geometry/test_results/image_geometry/image_geometry-utest.gtest.xml'
-- run_test.py: verify result file '/home/parallels/ros2_ws/build/image_geometry/test_results/image_geometry/image_geometry-utest.gtest.xml'
</Value>
				</Measurement>
			</Results>
			<Labels>
				<Label>gtest</Label>
			</Labels>
		</Test>
		<EndDateTime>Feb 22 08:53 CET</EndDateTime>
		<EndTestTime>1708588418</EndTestTime>
		<ElapsedMinutes>0</ElapsedMinutes>
	</Testing>
</Site>
